<?xml version="1.0" encoding="UTF-8"?>
<!-- Generated by org.testng.reporters.JUnitXMLReporter -->
<testsuite hostname="IND00002CH" ignored="2" name="Test" tests="2" failures="0" timestamp="17 Jul 2019 05:50:36 GMT" time="27.107" errors="0">
  <testcase name="login" time="2.687" classname="demo.testcases.Login001"/>
  <testcase name="performLogout" time="5.152" classname="demo.testcases.Logout002"/>
  <testcase name="@AfterSuite stopReport" time="0.0" classname="com.selbot.utils.Reporter">
    <ignored/>
  </testcase> <!-- @AfterSuite stopReport -->
  <testcase name="@BeforeSuite startReport" time="0.0" classname="com.selbot.utils.Reporter">
    <ignored/>
  </testcase> <!-- @BeforeSuite startReport -->
</testsuite> <!-- Test -->
